2018-05-24T16:22:27+00:00 CRITICAL Class 'WC_Gateway_Stripe' not found

2018-05-24T16:23:06+00:00 CRITICAL Class 'WC_Gateway_Stripe' not found

2018-05-24T16:23:41+00:00 CRITICAL Class 'WC_Gateway_Stripe' not found

2018-05-24T16:48:55+00:00 CRITICAL Call to undefined method WC_Gateway_Stripe::init_form_fields()

2018-05-24T16:50:23+00:00 CRITICAL Call to undefined method WC_Gateway_Stripe::init_settings()

2018-05-24T18:02:04+00:00 CRITICAL Class 'WC_Stripe_Helper' not found

2018-05-24T19:20:54+00:00 CRITICAL Class 'WC_Stripe_Helper' not found

2018-05-24T19:22:55+00:00 CRITICAL Class 'WC_Stripe_Helper' not found

2018-05-24T19:23:16+00:00 CRITICAL Class 'WC_Stripe_Helper' not found

2018-05-24T19:28:49+00:00 CRITICAL Call to undefined method WC_Gateway_Stripe::display_admin_settings_webhook_description()

2018-05-24T20:04:45+00:00 CRITICAL Call to undefined method WC_Gateway_Stripe::get_stripe_return_url()

2018-05-24T20:32:21+00:00 CRITICAL Call to undefined method WC_Gateway_Stripe::get_locale()

2018-05-24T20:47:20+00:00 CRITICAL Call to undefined method WC_Gateway_Stripe::are_keys_set()

2018-05-24T21:04:53+00:00 CRITICAL Class 'WC_Stripe_Payment_Gateway' not found

2018-05-24T21:05:12+00:00 CRITICAL Class 'WC_Stripe_Payment_Gateway' not found

2018-05-24T21:05:59+00:00 CRITICAL Class 'WC_Stripe_Payment_Gateway' not found

2018-05-24T21:07:13+00:00 CRITICAL Class 'WC_Stripe_Payment_Gateway' not found

2018-05-24T21:09:13+00:00 CRITICAL Class 'WC_Stripe_Payment_Gateway' not found

2018-05-24T22:11:09+00:00 CRITICAL Call to undefined method WC_Gateway_Stripe::maybe_process_pre_orders()

2018-05-24T22:15:33+00:00 CRITICAL Call to undefined method WC_Gateway_Stripe::maybe_process_pre_orders()

